<?xml version="1.0" encoding="UTF-8"?>
<testng-results ignored="0" total="1" passed="0" failed="1" skipped="0">
  <reporter-output>
  </reporter-output>
  <suite started-at="2024-03-10T22:25:40 IST" name="Default suite" finished-at="2024-03-10T22:26:22 IST" duration-ms="42201">
    <groups>
    </groups>
    <test started-at="2024-03-10T22:25:40 IST" name="Default test" finished-at="2024-03-10T22:26:22 IST" duration-ms="42201">
      <class name="RunnerTest_Script.FaceBook_Runner_LGn">
        <test-method is-config="true" signature="OpenAppln()[pri:0, instance:RunnerTest_Script.FaceBook_Runner_LGn@2b91004a]" started-at="2024-03-10T22:25:40 IST" name="OpenAppln" finished-at="2024-03-10T22:25:55 IST" duration-ms="15294" status="PASS">
          <reporter-output>
          </reporter-output>
        </test-method> <!-- OpenAppln -->
        <test-method signature="FaceBook_Login()[pri:0, instance:RunnerTest_Script.FaceBook_Runner_LGn@2b91004a]" started-at="2024-03-10T22:25:55 IST" name="FaceBook_Login" finished-at="2024-03-10T22:26:07 IST" duration-ms="11675" status="FAIL">
          <exception class="java.lang.AssertionError">
            <message>
              <![CDATA[null]]>
            </message>
            <full-stacktrace>
              <![CDATA[java.lang.AssertionError: null
at org.testng.Assert.fail(Assert.java:99)
at org.testng.Assert.fail(Assert.java:106)
at RunnerTest_Script.FaceBook_Runner_LGn.FaceBook_Login(FaceBook_Runner_LGn.java:25)
at java.base/jdk.internal.reflect.NativeMethodAccessorImpl.invoke0(Native Method)
at java.base/jdk.internal.reflect.NativeMethodAccessorImpl.invoke(NativeMethodAccessorImpl.java:77)
at java.base/jdk.internal.reflect.DelegatingMethodAccessorImpl.invoke(DelegatingMethodAccessorImpl.java:43)
at java.base/java.lang.reflect.Method.invoke(Method.java:568)
at org.testng.internal.MethodInvocationHelper.invokeMethod(MethodInvocationHelper.java:133)
at org.testng.internal.TestInvoker.invokeMethod(TestInvoker.java:598)
at org.testng.internal.TestInvoker.invokeTestMethod(TestInvoker.java:173)
at org.testng.internal.MethodRunner.runInSequence(MethodRunner.java:46)
at org.testng.internal.TestInvoker$MethodInvocationAgent.invoke(TestInvoker.java:824)
at org.testng.internal.TestInvoker.invokeTestMethods(TestInvoker.java:146)
at org.testng.internal.TestMethodWorker.invokeTestMethods(TestMethodWorker.java:146)
at org.testng.internal.TestMethodWorker.run(TestMethodWorker.java:128)
at java.base/java.util.ArrayList.forEach(ArrayList.java:1511)
at org.testng.TestRunner.privateRun(TestRunner.java:794)
at org.testng.TestRunner.run(TestRunner.java:596)
at org.testng.SuiteRunner.runTest(SuiteRunner.java:377)
at org.testng.SuiteRunner.runSequentially(SuiteRunner.java:371)
at org.testng.SuiteRunner.privateRun(SuiteRunner.java:332)
at org.testng.SuiteRunner.run(SuiteRunner.java:276)
at org.testng.SuiteRunnerWorker.runSuite(SuiteRunnerWorker.java:53)
at org.testng.SuiteRunnerWorker.run(SuiteRunnerWorker.java:96)
at org.testng.TestNG.runSuitesSequentially(TestNG.java:1212)
at org.testng.TestNG.runSuitesLocally(TestNG.java:1134)
at org.testng.TestNG.runSuites(TestNG.java:1063)
at org.testng.TestNG.run(TestNG.java:1031)
at org.testng.remote.AbstractRemoteTestNG.run(AbstractRemoteTestNG.java:115)
at org.testng.remote.RemoteTestNG.initAndRun(RemoteTestNG.java:251)
at org.testng.remote.RemoteTestNG.main(RemoteTestNG.java:77)
]]>
            </full-stacktrace>
          </exception> <!-- java.lang.AssertionError -->
          <reporter-output>
          </reporter-output>
        </test-method> <!-- FaceBook_Login -->
        <test-method is-config="true" signature="CloseAppln(org.testng.ITestResult)[pri:0, instance:RunnerTest_Script.FaceBook_Runner_LGn@2b91004a]" started-at="2024-03-10T22:26:07 IST" name="CloseAppln" finished-at="2024-03-10T22:26:22 IST" duration-ms="15043" status="PASS">
          <params>
            <param index="0">
              <value>
                <![CDATA[[TestResult name=FaceBook_Login status=FAILURE method=FaceBook_Runner_LGn.FaceBook_Login()[pri:0, instance:RunnerTest_Script.FaceBook_Runner_LGn@2b91004a] output={null}]]]>
              </value>
            </param>
          </params>
          <reporter-output>
          </reporter-output>
        </test-method> <!-- CloseAppln -->
      </class> <!-- RunnerTest_Script.FaceBook_Runner_LGn -->
    </test> <!-- Default test -->
  </suite> <!-- Default suite -->
</testng-results>
